2020-02-05 16:09:27,062 INFO 68916 [egg-schedule]: register schedule /Users/zhangge/Desktop/code/Run-Egg/node_modules/egg-multipart/app/schedule/clean_tmpdir.js
2020-02-05 16:09:27,062 INFO 68916 [egg-schedule]: register schedule /Users/zhangge/Desktop/code/Run-Egg/node_modules/egg-logrotator/app/schedule/clean_log.js
2020-02-05 16:09:27,062 INFO 68916 [egg-schedule]: register schedule /Users/zhangge/Desktop/code/Run-Egg/node_modules/egg-logrotator/app/schedule/rotate_by_file.js
2020-02-05 16:09:29,092 INFO 68940 [egg-schedule]: register schedule /Users/zhangge/Desktop/code/Run-Egg/node_modules/egg-multipart/app/schedule/clean_tmpdir.js
2020-02-05 16:09:29,092 INFO 68940 [egg-schedule]: register schedule /Users/zhangge/Desktop/code/Run-Egg/node_modules/egg-logrotator/app/schedule/clean_log.js
2020-02-05 16:09:29,092 INFO 68940 [egg-schedule]: register schedule /Users/zhangge/Desktop/code/Run-Egg/node_modules/egg-logrotator/app/schedule/rotate_by_file.js
2020-02-05 16:10:41,514 INFO 69152 [egg-schedule]: register schedule /Users/zhangge/Desktop/code/Run-Egg/node_modules/egg-multipart/app/schedule/clean_tmpdir.js
2020-02-05 16:10:41,514 INFO 69152 [egg-schedule]: register schedule /Users/zhangge/Desktop/code/Run-Egg/node_modules/egg-logrotator/app/schedule/clean_log.js
2020-02-05 16:10:41,514 INFO 69152 [egg-schedule]: register schedule /Users/zhangge/Desktop/code/Run-Egg/node_modules/egg-logrotator/app/schedule/rotate_by_file.js
2020-02-05 16:12:41,290 INFO 69573 [Timer] /Users/zhangge/Desktop/code/Run-Egg/node_modules/egg-multipart/app/schedule/clean_tmpdir.js next time will execute after 44238717ms at 2020-02-06 04:30:00.007
2020-02-05 16:12:41,291 INFO 69573 [Timer] /Users/zhangge/Desktop/code/Run-Egg/node_modules/egg-logrotator/app/schedule/clean_log.js next time will execute after 28038710ms at 2020-02-06 00:00:00.001
2020-02-05 16:12:41,292 INFO 69573 [Timer] /Users/zhangge/Desktop/code/Run-Egg/node_modules/egg-logrotator/app/schedule/rotate_by_file.js next time will execute after 28039709ms at 2020-02-06 00:00:01.001
2020-02-05 16:12:41,039 INFO 69577 [egg-schedule]: register schedule /Users/zhangge/Desktop/code/Run-Egg/node_modules/egg-multipart/app/schedule/clean_tmpdir.js
2020-02-05 16:12:41,040 INFO 69577 [egg-schedule]: register schedule /Users/zhangge/Desktop/code/Run-Egg/node_modules/egg-logrotator/app/schedule/clean_log.js
2020-02-05 16:12:41,040 INFO 69577 [egg-schedule]: register schedule /Users/zhangge/Desktop/code/Run-Egg/node_modules/egg-logrotator/app/schedule/rotate_by_file.js
2020-02-05 16:26:29,695 INFO 71293 [egg-schedule]: register schedule /Users/zhangge/Desktop/code/Run-Egg/node_modules/egg-multipart/app/schedule/clean_tmpdir.js
2020-02-05 16:26:29,695 INFO 71293 [egg-schedule]: register schedule /Users/zhangge/Desktop/code/Run-Egg/node_modules/egg-logrotator/app/schedule/clean_log.js
2020-02-05 16:26:29,695 INFO 71293 [egg-schedule]: register schedule /Users/zhangge/Desktop/code/Run-Egg/node_modules/egg-logrotator/app/schedule/rotate_by_file.js
2020-02-05 16:27:25,513 INFO 71473 [egg-schedule]: register schedule /Users/zhangge/Desktop/code/Run-Egg/node_modules/egg-multipart/app/schedule/clean_tmpdir.js
2020-02-05 16:27:25,513 INFO 71473 [egg-schedule]: register schedule /Users/zhangge/Desktop/code/Run-Egg/node_modules/egg-logrotator/app/schedule/clean_log.js
2020-02-05 16:27:25,513 INFO 71473 [egg-schedule]: register schedule /Users/zhangge/Desktop/code/Run-Egg/node_modules/egg-logrotator/app/schedule/rotate_by_file.js
2020-02-05 16:27:57,347 INFO 71561 [egg-schedule]: register schedule /Users/zhangge/Desktop/code/Run-Egg/node_modules/egg-multipart/app/schedule/clean_tmpdir.js
2020-02-05 16:27:57,347 INFO 71561 [egg-schedule]: register schedule /Users/zhangge/Desktop/code/Run-Egg/node_modules/egg-logrotator/app/schedule/clean_log.js
2020-02-05 16:27:57,348 INFO 71561 [egg-schedule]: register schedule /Users/zhangge/Desktop/code/Run-Egg/node_modules/egg-logrotator/app/schedule/rotate_by_file.js
2020-02-05 16:35:06,080 INFO 72427 [egg-schedule]: register schedule /Users/zhangge/Desktop/code/Run-Egg/node_modules/egg-multipart/app/schedule/clean_tmpdir.js
2020-02-05 16:35:06,080 INFO 72427 [egg-schedule]: register schedule /Users/zhangge/Desktop/code/Run-Egg/node_modules/egg-logrotator/app/schedule/clean_log.js
2020-02-05 16:35:06,080 INFO 72427 [egg-schedule]: register schedule /Users/zhangge/Desktop/code/Run-Egg/node_modules/egg-logrotator/app/schedule/rotate_by_file.js
2020-02-05 16:35:31,837 INFO 72547 [egg-schedule]: register schedule /Users/zhangge/Desktop/code/Run-Egg/node_modules/egg-multipart/app/schedule/clean_tmpdir.js
2020-02-05 16:35:31,837 INFO 72547 [egg-schedule]: register schedule /Users/zhangge/Desktop/code/Run-Egg/node_modules/egg-logrotator/app/schedule/clean_log.js
2020-02-05 16:35:31,837 INFO 72547 [egg-schedule]: register schedule /Users/zhangge/Desktop/code/Run-Egg/node_modules/egg-logrotator/app/schedule/rotate_by_file.js
2020-02-05 16:38:46,452 INFO 73082 [egg-schedule]: register schedule /Users/zhangge/Desktop/code/Run-Egg/node_modules/egg-multipart/app/schedule/clean_tmpdir.js
2020-02-05 16:38:46,452 INFO 73082 [egg-schedule]: register schedule /Users/zhangge/Desktop/code/Run-Egg/node_modules/egg-logrotator/app/schedule/clean_log.js
2020-02-05 16:38:46,453 INFO 73082 [egg-schedule]: register schedule /Users/zhangge/Desktop/code/Run-Egg/node_modules/egg-logrotator/app/schedule/rotate_by_file.js
2020-02-05 16:40:13,760 INFO 73287 [egg-schedule]: register schedule /Users/zhangge/Desktop/code/Run-Egg/node_modules/egg-multipart/app/schedule/clean_tmpdir.js
2020-02-05 16:40:13,760 INFO 73287 [egg-schedule]: register schedule /Users/zhangge/Desktop/code/Run-Egg/node_modules/egg-logrotator/app/schedule/clean_log.js
2020-02-05 16:40:13,760 INFO 73287 [egg-schedule]: register schedule /Users/zhangge/Desktop/code/Run-Egg/node_modules/egg-logrotator/app/schedule/rotate_by_file.js
2020-02-05 16:40:50,398 INFO 73395 [egg-schedule]: register schedule /Users/zhangge/Desktop/code/Run-Egg/node_modules/egg-multipart/app/schedule/clean_tmpdir.js
2020-02-05 16:40:50,398 INFO 73395 [egg-schedule]: register schedule /Users/zhangge/Desktop/code/Run-Egg/node_modules/egg-logrotator/app/schedule/clean_log.js
2020-02-05 16:40:50,398 INFO 73395 [egg-schedule]: register schedule /Users/zhangge/Desktop/code/Run-Egg/node_modules/egg-logrotator/app/schedule/rotate_by_file.js
2020-02-05 16:41:01,187 INFO 73454 [egg-schedule]: register schedule /Users/zhangge/Desktop/code/Run-Egg/node_modules/egg-multipart/app/schedule/clean_tmpdir.js
2020-02-05 16:41:01,187 INFO 73454 [egg-schedule]: register schedule /Users/zhangge/Desktop/code/Run-Egg/node_modules/egg-logrotator/app/schedule/clean_log.js
2020-02-05 16:41:01,187 INFO 73454 [egg-schedule]: register schedule /Users/zhangge/Desktop/code/Run-Egg/node_modules/egg-logrotator/app/schedule/rotate_by_file.js
2020-02-05 16:41:06,246 INFO 73468 [egg-schedule]: register schedule /Users/zhangge/Desktop/code/Run-Egg/node_modules/egg-multipart/app/schedule/clean_tmpdir.js
2020-02-05 16:41:06,246 INFO 73468 [egg-schedule]: register schedule /Users/zhangge/Desktop/code/Run-Egg/node_modules/egg-logrotator/app/schedule/clean_log.js
2020-02-05 16:41:06,246 INFO 73468 [egg-schedule]: register schedule /Users/zhangge/Desktop/code/Run-Egg/node_modules/egg-logrotator/app/schedule/rotate_by_file.js
2020-02-05 16:43:39,246 INFO 73811 [egg-schedule]: register schedule /Users/zhangge/Desktop/code/Run-Egg/node_modules/egg-multipart/app/schedule/clean_tmpdir.js
2020-02-05 16:43:39,246 INFO 73811 [egg-schedule]: register schedule /Users/zhangge/Desktop/code/Run-Egg/node_modules/egg-logrotator/app/schedule/clean_log.js
2020-02-05 16:43:39,246 INFO 73811 [egg-schedule]: register schedule /Users/zhangge/Desktop/code/Run-Egg/node_modules/egg-logrotator/app/schedule/rotate_by_file.js
2020-02-05 16:43:52,903 INFO 73881 [egg-schedule]: register schedule /Users/zhangge/Desktop/code/Run-Egg/node_modules/egg-multipart/app/schedule/clean_tmpdir.js
2020-02-05 16:43:52,903 INFO 73881 [egg-schedule]: register schedule /Users/zhangge/Desktop/code/Run-Egg/node_modules/egg-logrotator/app/schedule/clean_log.js
2020-02-05 16:43:52,904 INFO 73881 [egg-schedule]: register schedule /Users/zhangge/Desktop/code/Run-Egg/node_modules/egg-logrotator/app/schedule/rotate_by_file.js
2020-02-05 16:44:08,901 INFO 73984 [egg-schedule]: register schedule /Users/zhangge/Desktop/code/Run-Egg/node_modules/egg-multipart/app/schedule/clean_tmpdir.js
2020-02-05 16:44:08,901 INFO 73984 [egg-schedule]: register schedule /Users/zhangge/Desktop/code/Run-Egg/node_modules/egg-logrotator/app/schedule/clean_log.js
2020-02-05 16:44:08,901 INFO 73984 [egg-schedule]: register schedule /Users/zhangge/Desktop/code/Run-Egg/node_modules/egg-logrotator/app/schedule/rotate_by_file.js
2020-02-05 16:46:54,014 INFO 74330 [egg-schedule]: register schedule /Users/zhangge/Desktop/code/Run-Egg/node_modules/egg-multipart/app/schedule/clean_tmpdir.js
2020-02-05 16:46:54,014 INFO 74330 [egg-schedule]: register schedule /Users/zhangge/Desktop/code/Run-Egg/node_modules/egg-logrotator/app/schedule/clean_log.js
2020-02-05 16:46:54,014 INFO 74330 [egg-schedule]: register schedule /Users/zhangge/Desktop/code/Run-Egg/node_modules/egg-logrotator/app/schedule/rotate_by_file.js
2020-02-05 16:48:10,663 INFO 74626 [egg-schedule]: register schedule /Users/zhangge/Desktop/code/Run-Egg/node_modules/egg-multipart/app/schedule/clean_tmpdir.js
2020-02-05 16:48:10,663 INFO 74626 [egg-schedule]: register schedule /Users/zhangge/Desktop/code/Run-Egg/node_modules/egg-logrotator/app/schedule/clean_log.js
2020-02-05 16:48:10,663 INFO 74626 [egg-schedule]: register schedule /Users/zhangge/Desktop/code/Run-Egg/node_modules/egg-logrotator/app/schedule/rotate_by_file.js
2020-02-05 16:48:22,692 INFO 74700 [egg-schedule]: register schedule /Users/zhangge/Desktop/code/Run-Egg/node_modules/egg-multipart/app/schedule/clean_tmpdir.js
2020-02-05 16:48:22,692 INFO 74700 [egg-schedule]: register schedule /Users/zhangge/Desktop/code/Run-Egg/node_modules/egg-logrotator/app/schedule/clean_log.js
2020-02-05 16:48:22,692 INFO 74700 [egg-schedule]: register schedule /Users/zhangge/Desktop/code/Run-Egg/node_modules/egg-logrotator/app/schedule/rotate_by_file.js
2020-02-05 16:48:49,431 INFO 74776 [egg-schedule]: register schedule /Users/zhangge/Desktop/code/Run-Egg/node_modules/egg-multipart/app/schedule/clean_tmpdir.js
2020-02-05 16:48:49,431 INFO 74776 [egg-schedule]: register schedule /Users/zhangge/Desktop/code/Run-Egg/node_modules/egg-logrotator/app/schedule/clean_log.js
2020-02-05 16:48:49,431 INFO 74776 [egg-schedule]: register schedule /Users/zhangge/Desktop/code/Run-Egg/node_modules/egg-logrotator/app/schedule/rotate_by_file.js
2020-02-05 16:53:45,669 INFO 75354 [egg-schedule]: register schedule /Users/zhangge/Desktop/code/Run-Egg/node_modules/egg-multipart/app/schedule/clean_tmpdir.js
2020-02-05 16:53:45,669 INFO 75354 [egg-schedule]: register schedule /Users/zhangge/Desktop/code/Run-Egg/node_modules/egg-logrotator/app/schedule/clean_log.js
2020-02-05 16:53:45,669 INFO 75354 [egg-schedule]: register schedule /Users/zhangge/Desktop/code/Run-Egg/node_modules/egg-logrotator/app/schedule/rotate_by_file.js
2020-02-05 18:24:11,798 INFO 86175 [egg-schedule]: register schedule /Users/zhangge/Desktop/code/Run-Egg/node_modules/egg-multipart/app/schedule/clean_tmpdir.js
2020-02-05 18:24:11,798 INFO 86175 [egg-schedule]: register schedule /Users/zhangge/Desktop/code/Run-Egg/node_modules/egg-logrotator/app/schedule/clean_log.js
2020-02-05 18:24:11,798 INFO 86175 [egg-schedule]: register schedule /Users/zhangge/Desktop/code/Run-Egg/node_modules/egg-logrotator/app/schedule/rotate_by_file.js
2020-02-05 18:25:54,278 INFO 86406 [egg-schedule]: register schedule /Users/zhangge/Desktop/code/Run-Egg/node_modules/egg-multipart/app/schedule/clean_tmpdir.js
2020-02-05 18:25:54,278 INFO 86406 [egg-schedule]: register schedule /Users/zhangge/Desktop/code/Run-Egg/node_modules/egg-logrotator/app/schedule/clean_log.js
2020-02-05 18:25:54,278 INFO 86406 [egg-schedule]: register schedule /Users/zhangge/Desktop/code/Run-Egg/node_modules/egg-logrotator/app/schedule/rotate_by_file.js
2020-02-05 18:29:09,250 INFO 86972 [egg-schedule]: register schedule /Users/zhangge/Desktop/code/Run-Egg/node_modules/egg-multipart/app/schedule/clean_tmpdir.js
2020-02-05 18:29:09,250 INFO 86972 [egg-schedule]: register schedule /Users/zhangge/Desktop/code/Run-Egg/node_modules/egg-logrotator/app/schedule/clean_log.js
2020-02-05 18:29:09,250 INFO 86972 [egg-schedule]: register schedule /Users/zhangge/Desktop/code/Run-Egg/node_modules/egg-logrotator/app/schedule/rotate_by_file.js
2020-02-05 18:29:11,360 INFO 87004 [egg-schedule]: register schedule /Users/zhangge/Desktop/code/Run-Egg/node_modules/egg-multipart/app/schedule/clean_tmpdir.js
2020-02-05 18:29:11,360 INFO 87004 [egg-schedule]: register schedule /Users/zhangge/Desktop/code/Run-Egg/node_modules/egg-logrotator/app/schedule/clean_log.js
2020-02-05 18:29:11,360 INFO 87004 [egg-schedule]: register schedule /Users/zhangge/Desktop/code/Run-Egg/node_modules/egg-logrotator/app/schedule/rotate_by_file.js
2020-02-05 18:29:14,054 INFO 87017 [egg-schedule]: register schedule /Users/zhangge/Desktop/code/Run-Egg/node_modules/egg-multipart/app/schedule/clean_tmpdir.js
2020-02-05 18:29:14,054 INFO 87017 [egg-schedule]: register schedule /Users/zhangge/Desktop/code/Run-Egg/node_modules/egg-logrotator/app/schedule/clean_log.js
2020-02-05 18:29:14,054 INFO 87017 [egg-schedule]: register schedule /Users/zhangge/Desktop/code/Run-Egg/node_modules/egg-logrotator/app/schedule/rotate_by_file.js
2020-02-05 18:32:24,047 INFO 87445 [egg-schedule]: register schedule /Users/zhangge/Desktop/code/Run-Egg/node_modules/egg-multipart/app/schedule/clean_tmpdir.js
2020-02-05 18:32:24,047 INFO 87445 [egg-schedule]: register schedule /Users/zhangge/Desktop/code/Run-Egg/node_modules/egg-logrotator/app/schedule/clean_log.js
2020-02-05 18:32:24,047 INFO 87445 [egg-schedule]: register schedule /Users/zhangge/Desktop/code/Run-Egg/node_modules/egg-logrotator/app/schedule/rotate_by_file.js
2020-02-05 18:32:25,781 INFO 87457 [egg-schedule]: register schedule /Users/zhangge/Desktop/code/Run-Egg/node_modules/egg-multipart/app/schedule/clean_tmpdir.js
2020-02-05 18:32:25,781 INFO 87457 [egg-schedule]: register schedule /Users/zhangge/Desktop/code/Run-Egg/node_modules/egg-logrotator/app/schedule/clean_log.js
2020-02-05 18:32:25,781 INFO 87457 [egg-schedule]: register schedule /Users/zhangge/Desktop/code/Run-Egg/node_modules/egg-logrotator/app/schedule/rotate_by_file.js
2020-02-05 18:32:28,451 INFO 87461 [egg-schedule]: register schedule /Users/zhangge/Desktop/code/Run-Egg/node_modules/egg-multipart/app/schedule/clean_tmpdir.js
2020-02-05 18:32:28,451 INFO 87461 [egg-schedule]: register schedule /Users/zhangge/Desktop/code/Run-Egg/node_modules/egg-logrotator/app/schedule/clean_log.js
2020-02-05 18:32:28,451 INFO 87461 [egg-schedule]: register schedule /Users/zhangge/Desktop/code/Run-Egg/node_modules/egg-logrotator/app/schedule/rotate_by_file.js
2020-02-05 18:32:30,257 INFO 87489 [egg-schedule]: register schedule /Users/zhangge/Desktop/code/Run-Egg/node_modules/egg-multipart/app/schedule/clean_tmpdir.js
2020-02-05 18:32:30,257 INFO 87489 [egg-schedule]: register schedule /Users/zhangge/Desktop/code/Run-Egg/node_modules/egg-logrotator/app/schedule/clean_log.js
2020-02-05 18:32:30,257 INFO 87489 [egg-schedule]: register schedule /Users/zhangge/Desktop/code/Run-Egg/node_modules/egg-logrotator/app/schedule/rotate_by_file.js
2020-02-05 18:33:06,956 INFO 87603 [egg-schedule]: register schedule /Users/zhangge/Desktop/code/Run-Egg/node_modules/egg-multipart/app/schedule/clean_tmpdir.js
2020-02-05 18:33:06,956 INFO 87603 [egg-schedule]: register schedule /Users/zhangge/Desktop/code/Run-Egg/node_modules/egg-logrotator/app/schedule/clean_log.js
2020-02-05 18:33:06,956 INFO 87603 [egg-schedule]: register schedule /Users/zhangge/Desktop/code/Run-Egg/node_modules/egg-logrotator/app/schedule/rotate_by_file.js
2020-02-05 18:33:10,865 INFO 87630 [egg-schedule]: register schedule /Users/zhangge/Desktop/code/Run-Egg/node_modules/egg-multipart/app/schedule/clean_tmpdir.js
2020-02-05 18:33:10,865 INFO 87630 [egg-schedule]: register schedule /Users/zhangge/Desktop/code/Run-Egg/node_modules/egg-logrotator/app/schedule/clean_log.js
2020-02-05 18:33:10,865 INFO 87630 [egg-schedule]: register schedule /Users/zhangge/Desktop/code/Run-Egg/node_modules/egg-logrotator/app/schedule/rotate_by_file.js
2020-02-05 18:33:13,126 INFO 87644 [egg-schedule]: register schedule /Users/zhangge/Desktop/code/Run-Egg/node_modules/egg-multipart/app/schedule/clean_tmpdir.js
2020-02-05 18:33:13,126 INFO 87644 [egg-schedule]: register schedule /Users/zhangge/Desktop/code/Run-Egg/node_modules/egg-logrotator/app/schedule/clean_log.js
2020-02-05 18:33:13,126 INFO 87644 [egg-schedule]: register schedule /Users/zhangge/Desktop/code/Run-Egg/node_modules/egg-logrotator/app/schedule/rotate_by_file.js
2020-02-06 16:17:38,307 INFO 6982 [egg-schedule]: register schedule /Users/zhangge/Desktop/code/Run-Egg/node_modules/egg-multipart/app/schedule/clean_tmpdir.js
2020-02-06 16:17:38,307 INFO 6982 [egg-schedule]: register schedule /Users/zhangge/Desktop/code/Run-Egg/node_modules/egg-logrotator/app/schedule/clean_log.js
2020-02-06 16:17:38,307 INFO 6982 [egg-schedule]: register schedule /Users/zhangge/Desktop/code/Run-Egg/node_modules/egg-logrotator/app/schedule/rotate_by_file.js
2020-02-06 16:17:40,251 INFO 7006 [egg-schedule]: register schedule /Users/zhangge/Desktop/code/Run-Egg/node_modules/egg-multipart/app/schedule/clean_tmpdir.js
2020-02-06 16:17:40,251 INFO 7006 [egg-schedule]: register schedule /Users/zhangge/Desktop/code/Run-Egg/node_modules/egg-logrotator/app/schedule/clean_log.js
2020-02-06 16:17:40,251 INFO 7006 [egg-schedule]: register schedule /Users/zhangge/Desktop/code/Run-Egg/node_modules/egg-logrotator/app/schedule/rotate_by_file.js
2020-02-06 16:23:22,956 INFO 7815 [egg-schedule]: register schedule /Users/zhangge/Desktop/code/Run-Egg/node_modules/egg-multipart/app/schedule/clean_tmpdir.js
2020-02-06 16:23:22,956 INFO 7815 [egg-schedule]: register schedule /Users/zhangge/Desktop/code/Run-Egg/node_modules/egg-logrotator/app/schedule/clean_log.js
2020-02-06 16:23:22,956 INFO 7815 [egg-schedule]: register schedule /Users/zhangge/Desktop/code/Run-Egg/node_modules/egg-logrotator/app/schedule/rotate_by_file.js
2020-02-06 16:45:20,704 INFO 10558 [egg-schedule]: register schedule /Users/zhangge/Desktop/code/Run-Egg/node_modules/egg-multipart/app/schedule/clean_tmpdir.js
2020-02-06 16:45:20,704 INFO 10558 [egg-schedule]: register schedule /Users/zhangge/Desktop/code/Run-Egg/node_modules/egg-logrotator/app/schedule/clean_log.js
2020-02-06 16:45:20,704 INFO 10558 [egg-schedule]: register schedule /Users/zhangge/Desktop/code/Run-Egg/node_modules/egg-logrotator/app/schedule/rotate_by_file.js
2020-02-06 16:45:22,827 INFO 10569 [egg-schedule]: register schedule /Users/zhangge/Desktop/code/Run-Egg/node_modules/egg-multipart/app/schedule/clean_tmpdir.js
2020-02-06 16:45:22,827 INFO 10569 [egg-schedule]: register schedule /Users/zhangge/Desktop/code/Run-Egg/node_modules/egg-logrotator/app/schedule/clean_log.js
2020-02-06 16:45:22,827 INFO 10569 [egg-schedule]: register schedule /Users/zhangge/Desktop/code/Run-Egg/node_modules/egg-logrotator/app/schedule/rotate_by_file.js
2020-02-06 16:46:42,451 INFO 10751 [egg-schedule]: register schedule /Users/zhangge/Desktop/code/Run-Egg/node_modules/egg-multipart/app/schedule/clean_tmpdir.js
2020-02-06 16:46:42,451 INFO 10751 [egg-schedule]: register schedule /Users/zhangge/Desktop/code/Run-Egg/node_modules/egg-logrotator/app/schedule/clean_log.js
2020-02-06 16:46:42,452 INFO 10751 [egg-schedule]: register schedule /Users/zhangge/Desktop/code/Run-Egg/node_modules/egg-logrotator/app/schedule/rotate_by_file.js
2020-02-06 16:47:42,678 INFO 10891 [egg-schedule]: register schedule /Users/zhangge/Desktop/code/Run-Egg/node_modules/egg-multipart/app/schedule/clean_tmpdir.js
2020-02-06 16:47:42,678 INFO 10891 [egg-schedule]: register schedule /Users/zhangge/Desktop/code/Run-Egg/node_modules/egg-logrotator/app/schedule/clean_log.js
2020-02-06 16:47:42,678 INFO 10891 [egg-schedule]: register schedule /Users/zhangge/Desktop/code/Run-Egg/node_modules/egg-logrotator/app/schedule/rotate_by_file.js
2020-02-06 17:36:58,825 INFO 16750 [egg-schedule]: register schedule /Users/zhangge/Desktop/code/Run-Egg/node_modules/egg-multipart/app/schedule/clean_tmpdir.js
2020-02-06 17:36:58,825 INFO 16750 [egg-schedule]: register schedule /Users/zhangge/Desktop/code/Run-Egg/node_modules/egg-logrotator/app/schedule/clean_log.js
2020-02-06 17:36:58,825 INFO 16750 [egg-schedule]: register schedule /Users/zhangge/Desktop/code/Run-Egg/node_modules/egg-logrotator/app/schedule/rotate_by_file.js
2020-02-06 17:37:07,659 INFO 16786 [egg-schedule]: register schedule /Users/zhangge/Desktop/code/Run-Egg/node_modules/egg-multipart/app/schedule/clean_tmpdir.js
2020-02-06 17:37:07,659 INFO 16786 [egg-schedule]: register schedule /Users/zhangge/Desktop/code/Run-Egg/node_modules/egg-logrotator/app/schedule/clean_log.js
2020-02-06 17:37:07,659 INFO 16786 [egg-schedule]: register schedule /Users/zhangge/Desktop/code/Run-Egg/node_modules/egg-logrotator/app/schedule/rotate_by_file.js
2020-02-06 17:37:09,541 INFO 16791 [egg-schedule]: register schedule /Users/zhangge/Desktop/code/Run-Egg/node_modules/egg-multipart/app/schedule/clean_tmpdir.js
2020-02-06 17:37:09,541 INFO 16791 [egg-schedule]: register schedule /Users/zhangge/Desktop/code/Run-Egg/node_modules/egg-logrotator/app/schedule/clean_log.js
2020-02-06 17:37:09,541 INFO 16791 [egg-schedule]: register schedule /Users/zhangge/Desktop/code/Run-Egg/node_modules/egg-logrotator/app/schedule/rotate_by_file.js
2020-02-06 17:39:03,115 INFO 17086 [egg-schedule]: register schedule /Users/zhangge/Desktop/code/Run-Egg/node_modules/egg-multipart/app/schedule/clean_tmpdir.js
2020-02-06 17:39:03,115 INFO 17086 [egg-schedule]: register schedule /Users/zhangge/Desktop/code/Run-Egg/node_modules/egg-logrotator/app/schedule/clean_log.js
2020-02-06 17:39:03,115 INFO 17086 [egg-schedule]: register schedule /Users/zhangge/Desktop/code/Run-Egg/node_modules/egg-logrotator/app/schedule/rotate_by_file.js
2020-02-06 17:40:08,797 INFO 17246 [egg-schedule]: register schedule /Users/zhangge/Desktop/code/Run-Egg/node_modules/egg-multipart/app/schedule/clean_tmpdir.js
2020-02-06 17:40:08,797 INFO 17246 [egg-schedule]: register schedule /Users/zhangge/Desktop/code/Run-Egg/node_modules/egg-logrotator/app/schedule/clean_log.js
2020-02-06 17:40:08,797 INFO 17246 [egg-schedule]: register schedule /Users/zhangge/Desktop/code/Run-Egg/node_modules/egg-logrotator/app/schedule/rotate_by_file.js
2020-02-06 17:40:29,189 INFO 17342 [egg-schedule]: register schedule /Users/zhangge/Desktop/code/Run-Egg/node_modules/egg-multipart/app/schedule/clean_tmpdir.js
2020-02-06 17:40:29,189 INFO 17342 [egg-schedule]: register schedule /Users/zhangge/Desktop/code/Run-Egg/node_modules/egg-logrotator/app/schedule/clean_log.js
2020-02-06 17:40:29,189 INFO 17342 [egg-schedule]: register schedule /Users/zhangge/Desktop/code/Run-Egg/node_modules/egg-logrotator/app/schedule/rotate_by_file.js
2020-02-06 17:40:37,852 INFO 17385 [egg-schedule]: register schedule /Users/zhangge/Desktop/code/Run-Egg/node_modules/egg-multipart/app/schedule/clean_tmpdir.js
2020-02-06 17:40:37,852 INFO 17385 [egg-schedule]: register schedule /Users/zhangge/Desktop/code/Run-Egg/node_modules/egg-logrotator/app/schedule/clean_log.js
2020-02-06 17:40:37,852 INFO 17385 [egg-schedule]: register schedule /Users/zhangge/Desktop/code/Run-Egg/node_modules/egg-logrotator/app/schedule/rotate_by_file.js
2020-02-06 17:41:22,034 INFO 17551 [egg-schedule]: register schedule /Users/zhangge/Desktop/code/Run-Egg/node_modules/egg-multipart/app/schedule/clean_tmpdir.js
2020-02-06 17:41:22,034 INFO 17551 [egg-schedule]: register schedule /Users/zhangge/Desktop/code/Run-Egg/node_modules/egg-logrotator/app/schedule/clean_log.js
2020-02-06 17:41:22,034 INFO 17551 [egg-schedule]: register schedule /Users/zhangge/Desktop/code/Run-Egg/node_modules/egg-logrotator/app/schedule/rotate_by_file.js
2020-02-06 17:41:29,007 INFO 17587 [egg-schedule]: register schedule /Users/zhangge/Desktop/code/Run-Egg/node_modules/egg-multipart/app/schedule/clean_tmpdir.js
2020-02-06 17:41:29,007 INFO 17587 [egg-schedule]: register schedule /Users/zhangge/Desktop/code/Run-Egg/node_modules/egg-logrotator/app/schedule/clean_log.js
2020-02-06 17:41:29,007 INFO 17587 [egg-schedule]: register schedule /Users/zhangge/Desktop/code/Run-Egg/node_modules/egg-logrotator/app/schedule/rotate_by_file.js
2020-02-06 17:41:31,087 INFO 17624 [egg-schedule]: register schedule /Users/zhangge/Desktop/code/Run-Egg/node_modules/egg-multipart/app/schedule/clean_tmpdir.js
2020-02-06 17:41:31,087 INFO 17624 [egg-schedule]: register schedule /Users/zhangge/Desktop/code/Run-Egg/node_modules/egg-logrotator/app/schedule/clean_log.js
2020-02-06 17:41:31,087 INFO 17624 [egg-schedule]: register schedule /Users/zhangge/Desktop/code/Run-Egg/node_modules/egg-logrotator/app/schedule/rotate_by_file.js
2020-02-06 17:41:39,898 INFO 17661 [egg-schedule]: register schedule /Users/zhangge/Desktop/code/Run-Egg/node_modules/egg-multipart/app/schedule/clean_tmpdir.js
2020-02-06 17:41:39,898 INFO 17661 [egg-schedule]: register schedule /Users/zhangge/Desktop/code/Run-Egg/node_modules/egg-logrotator/app/schedule/clean_log.js
2020-02-06 17:41:39,898 INFO 17661 [egg-schedule]: register schedule /Users/zhangge/Desktop/code/Run-Egg/node_modules/egg-logrotator/app/schedule/rotate_by_file.js
2020-02-06 17:41:41,545 INFO 17664 [egg-schedule]: register schedule /Users/zhangge/Desktop/code/Run-Egg/node_modules/egg-multipart/app/schedule/clean_tmpdir.js
2020-02-06 17:41:41,545 INFO 17664 [egg-schedule]: register schedule /Users/zhangge/Desktop/code/Run-Egg/node_modules/egg-logrotator/app/schedule/clean_log.js
2020-02-06 17:41:41,545 INFO 17664 [egg-schedule]: register schedule /Users/zhangge/Desktop/code/Run-Egg/node_modules/egg-logrotator/app/schedule/rotate_by_file.js
2020-02-06 17:41:50,822 INFO 17700 [egg-schedule]: register schedule /Users/zhangge/Desktop/code/Run-Egg/node_modules/egg-multipart/app/schedule/clean_tmpdir.js
2020-02-06 17:41:50,822 INFO 17700 [egg-schedule]: register schedule /Users/zhangge/Desktop/code/Run-Egg/node_modules/egg-logrotator/app/schedule/clean_log.js
2020-02-06 17:41:50,822 INFO 17700 [egg-schedule]: register schedule /Users/zhangge/Desktop/code/Run-Egg/node_modules/egg-logrotator/app/schedule/rotate_by_file.js
2020-02-06 17:44:27,470 INFO 18031 [egg-schedule]: register schedule /Users/zhangge/Desktop/code/Run-Egg/node_modules/egg-multipart/app/schedule/clean_tmpdir.js
2020-02-06 17:44:27,470 INFO 18031 [egg-schedule]: register schedule /Users/zhangge/Desktop/code/Run-Egg/node_modules/egg-logrotator/app/schedule/clean_log.js
2020-02-06 17:44:27,470 INFO 18031 [egg-schedule]: register schedule /Users/zhangge/Desktop/code/Run-Egg/node_modules/egg-logrotator/app/schedule/rotate_by_file.js
2020-02-06 18:31:19,562 INFO 23731 [egg-schedule]: register schedule /Users/zhangge/Desktop/code/Run-Egg/node_modules/egg-multipart/app/schedule/clean_tmpdir.js
2020-02-06 18:31:19,562 INFO 23731 [egg-schedule]: register schedule /Users/zhangge/Desktop/code/Run-Egg/node_modules/egg-logrotator/app/schedule/clean_log.js
2020-02-06 18:31:19,562 INFO 23731 [egg-schedule]: register schedule /Users/zhangge/Desktop/code/Run-Egg/node_modules/egg-logrotator/app/schedule/rotate_by_file.js
2020-02-06 18:31:21,455 INFO 23773 [egg-schedule]: register schedule /Users/zhangge/Desktop/code/Run-Egg/node_modules/egg-multipart/app/schedule/clean_tmpdir.js
2020-02-06 18:31:21,455 INFO 23773 [egg-schedule]: register schedule /Users/zhangge/Desktop/code/Run-Egg/node_modules/egg-logrotator/app/schedule/clean_log.js
2020-02-06 18:31:21,455 INFO 23773 [egg-schedule]: register schedule /Users/zhangge/Desktop/code/Run-Egg/node_modules/egg-logrotator/app/schedule/rotate_by_file.js
